 _____     __   ______     [38;2;255;204;205m.-./`)[0m    ____      .-[38;2;100;134;074m_[0m'''-.
 \   [38;2;175;221;213m_[0m\   /  / |    [38;2;255;167;000m_[0m `''. [38;2;255;204;205m\ .-.')[0m .'  __ `.  '[38;2;100;134;074m_( )_[0m   \
 [38;2;175;221;213m.-./ )[0m. /  '  | [38;2;255;167;000m_ | ) _[0m  \[38;2;255;204;205m/ `-' \[0m/   '  \  \|[38;2;100;134;074m(_ o _)[0m|  '
 [38;2;175;221;213m\ '_ .')[0m .'   |[38;2;255;167;000m( ''_'  )[0m | [38;2;255;204;205m`-'`"`[0m|___|  /  |. [38;2;100;134;074m(_,_)[0m/___|
[38;2;175;221;213m(_ (_) _)[0m '    | [38;2;255;167;000m. (_) `.[0m | .---.    _.-`   ||  |  .-----.
  [38;2;175;221;213m/    \[0m   \   |[38;2;255;167;000m(_    ._)[0m ' |   | .'   [38;2;245;096;147m_[0m    |'  \  '-   .'
  [38;2;175;221;213m`-'`-'[0m    \  |  [38;2;255;167;000m(_.\.'[0m /  |   | |  [38;2;245;096;147m_( )_[0m  | \  `-'`   |
 /  /   \    \ |       .'   |   | \ [38;2;245;096;147m(_ o _)[0m /  \        /
'--'     '----''-----'`     '---'  '.[38;2;245;096;147m(_,_)[0m.'    `'-...-'

XDiag Version: 0.3.1
Git hash     : 5a328b6789bd5b46e7b56aa467a0dab2732e9620
Directory    : /Users/martinu/Research/Software/xdiag
Hostname     : MB 23-22
Compiled by  : martinu

Computing ground state ...
done.
Ground state energy: -22.324555320336
considering irrep Gamma.C1.A, momentum [0, 0]
nrm:
0.945671
res.eigenvalues(0):
-15.0828
TBC calculation
nrm:
0.945671
res_tbc.eigenvalues(0):
-15.0828
considering irrep M.C1.A, momentum [3.141592653589793, 3.141592653589793]
nrm:
0.234336
res.eigenvalues(0):
-12.6056
TBC calculation
nrm:
0.234336
res_tbc.eigenvalues(0):
-12.6056
considering irrep Sigma0.C1.A, momentum [1.5707963267948966, 1.5707963267948966]
nrm:
0.584636
res.eigenvalues(0):
-17.0806
TBC calculation
nrm:
0.584447
res_tbc.eigenvalues(0):
-17.0806
considering irrep Sigma1.C1.A, momentum [1.5707963267948966, -1.5707963267948966]
nrm:
0.584636
res.eigenvalues(0):
-17.0806
TBC calculation
nrm:
0.584447
res_tbc.eigenvalues(0):
-17.0806
considering irrep Sigma2.C1.A, momentum [-1.5707963267948966, 1.5707963267948966]
nrm:
0.584636
res.eigenvalues(0):
-17.0806
TBC calculation
nrm:
0.584447
res_tbc.eigenvalues(0):
-17.0806
considering irrep Sigma3.C1.A, momentum [-1.5707963267948966, -1.5707963267948966]
nrm:
0.584636
res.eigenvalues(0):
-17.0806
TBC calculation
nrm:
0.584447
res_tbc.eigenvalues(0):
-17.0806
considering irrep X0.C1.A, momentum [3.141592653589793, 0]
nrm:
0.584635
res.eigenvalues(0):
-17.0806
TBC calculation
nrm:
0.584635
res_tbc.eigenvalues(0):
-17.0806
considering irrep X1.C1.A, momentum [0, 3.141592653589793]
nrm:
0.584636
res.eigenvalues(0):
-17.0806
TBC calculation
nrm:
0.584635
res_tbc.eigenvalues(0):
-17.0806
