ops = 
Interactions:
-------------
Ty Hop 1 5 
Ty Hop 3 4 
Ty Hop 4 8 
Ty Hop 2 3 
Ty Hop 6 7 
Ty Hop 7 1 
Ty Hop 5 6 
Ty Hop 8 2 
Tx Hop 1 3 
Tx Hop 3 6 
Tx Hop 4 7 
Tx Hop 2 5 
Tx Hop 6 8 
Tx Hop 7 2 
Tx Hop 5 4 
Tx Hop 8 1 
Tprime+ Hop 1 4 
Tprime+ Hop 3 7 
Tprime+ Hop 2 6 
Tprime+ Hop 5 8 
Tprime- Hop 1 2 
Tprime- Hop 3 5 
Tprime- Hop 4 6 
Tprime- Hop 7 8 
U HubbardU

Constants:
----------
Tprime+: 3.00000000e-01
Tprime-: 3.00000000e-01
Tx: 1.00000000e+00
Ty: 1.00000000e+00
U: -6.00000000e+00

Computing ground state ...
done.
Ground state energy: -22.76406204516885
considering irrep X0.C1.A, momentum [3.141592653589793, 0.0]
nrm = norm(Av) = 0.5095158234237904
res.eigenvalues[1] = -17.59122587857478
nrm = norm(Av) = 0.9584082743561189
res_tbc.eigenvalues[1] = -17.591225878575948
considering irrep X1.C1.A, momentum [0.0, 3.141592653589793]
nrm = norm(Av) = 0.509515797479845
res.eigenvalues[1] = -17.825110680265396
nrm = norm(Av) = 0.9584082743561189
res_tbc.eigenvalues[1] = -17.591225878575933
considering irrep M.C1.A, momentum [3.141592653589793, 3.141592653589793]
nrm = norm(Av) = 0.2568696324510777
res.eigenvalues[1] = -17.591225878575862
nrm = norm(Av) = 0.9584082743561189
res_tbc.eigenvalues[1] = -17.82511068026815
considering irrep Gamma.C1.A, momentum [0.0, 0.0]
nrm = norm(Av) = 0.9584082743561189
res.eigenvalues[1] = -17.82511068026815
nrm = norm(Av) = 0.9584082743561189
res_tbc.eigenvalues[1] = -17.82709203581253
considering irrep Sigma1.C1.A, momentum [1.5707963267948966, -1.5707963267948966]
nrm = norm(Av) = 0.6116083851331023
res.eigenvalues[1] = -17.758024083789614
nrm = norm(Av) = 0.9584082743561189
res_tbc.eigenvalues[1] = -17.75802408379116
considering irrep Sigma0.C1.A, momentum [1.5707963267948966, 1.5707963267948966]
nrm = norm(Av) = 0.6116082143983969
res.eigenvalues[1] = -17.591225878574686
nrm = norm(Av) = 0.9584082743561189
res_tbc.eigenvalues[1] = -17.758024083791206
considering irrep Sigma3.C1.A, momentum [-1.5707963267948966, -1.5707963267948966]
nrm = norm(Av) = 0.6116082143983969
res.eigenvalues[1] = -17.82709203581196
nrm = norm(Av) = 0.9584082743561189
res_tbc.eigenvalues[1] = -17.758024083791206
considering irrep Sigma2.C1.A, momentum [-1.5707963267948966, 1.5707963267948966]
nrm = norm(Av) = 0.6116083851331023
res.eigenvalues[1] = -17.591225878574676
nrm = norm(Av) = 0.9584082743561189
res_tbc.eigenvalues[1] = -17.75802408379116
 _____     __   ______     [38;2;255;204;205m.-./`)[0m    ____      .-[38;2;100;134;074m_[0m'''-.
 \   [38;2;175;221;213m_[0m\   /  / |    [38;2;255;167;000m_[0m `''. [38;2;255;204;205m\ .-.')[0m .'  __ `.  '[38;2;100;134;074m_( )_[0m   \
 [38;2;175;221;213m.-./ )[0m. /  '  | [38;2;255;167;000m_ | ) _[0m  \[38;2;255;204;205m/ `-' \[0m/   '  \  \|[38;2;100;134;074m(_ o _)[0m|  '
 [38;2;175;221;213m\ '_ .')[0m .'   |[38;2;255;167;000m( ''_'  )[0m | [38;2;255;204;205m`-'`"`[0m|___|  /  |. [38;2;100;134;074m(_,_)[0m/___|
[38;2;175;221;213m(_ (_) _)[0m '    | [38;2;255;167;000m. (_) `.[0m | .---.    _.-`   ||  |  .-----.
  [38;2;175;221;213m/    \[0m   \   |[38;2;255;167;000m(_    ._)[0m ' |   | .'   [38;2;245;096;147m_[0m    |'  \  '-   .'
  [38;2;175;221;213m`-'`-'[0m    \  |  [38;2;255;167;000m(_.\.'[0m /  |   | |  [38;2;245;096;147m_( )_[0m  | \  `-'`   |
 /  /   \    \ |       .'   |   | \ [38;2;245;096;147m(_ o _)[0m /  \        /
'--'     '----''-----'`     '---'  '.[38;2;245;096;147m(_,_)[0m.'    `'-...-'

XDiag Version: 0.3.1
Git hash     : d8d431f37b7aa9b21942d23c98765fd86db9ee24
Directory    : /workspace/srcdir/xdiag
Hostname     : amdci7.julia.csail.mit.edu
Compiled by  : root

