ikxs = filter((s->begin
                #= /Users/martinu/Research/Software/xdiag/examples/hubbard_greens_f/plot.jl:51 =#
                occursin(r"^\d+$", s)
            end), keys(f)) = ["0", "1", "10", "100", "11", "12", "13", "14", "15", "16", "17", "18", "19", "2", "20", "21", "22", "23", "24", "25", "26", "27", "28", "29", "3", "30", "31", "32", "33", "34", "35", "36", "37", "38", "39", "4", "40", "41", "42", "43", "44", "45", "46", "47", "48", "49", "5", "50", "51", "52", "53", "54", "55", "56", "57", "58", "59", "6", "60", "61", "62", "63", "64", "65", "66", "67", "68", "69", "7", "70", "71", "72", "73", "74", "75", "76", "77", "78", "79", "8", "80", "81", "82", "83", "84", "85", "86", "87", "88", "89", "9", "90", "91", "92", "93", "94", "95", "96", "97", "98", "99"]
(name, nrm) = ("0/0", 0.23433591345023583)
3×2 Matrix{Float64}:
  9.719   0.985363
 16.9301  0.0146373
 23.0675  3.30306e-13
(name, nrm) = ("1/1", 0.23442347169468988)
10×2 Matrix{Float64}:
  9.7211   0.980436
 16.9285   0.01462
  9.28099  0.00418663
  9.53694  0.000491185
 12.1369   0.00011774
 11.8542   8.28074e-5
  5.48462  2.24396e-5
  8.32456  2.1745e-5
 14.8975   1.03042e-5
  6.76548  6.74916e-6
(name, nrm) = ("10/10", 0.24112064177509948)
10×2 Matrix{Float64}:
  6.5839   0.373924
  9.75123  0.347887
 10.001    0.107719
  4.61795  0.0553656
  8.30013  0.0434212
 13.6125   0.0408642
  6.2931   0.0136386
 16.782    0.00583326
  8.97768  0.00474594
 11.1001   0.00467829
(name, nrm) = ("100/100", 0.9456714865823644)
3×2 Matrix{Float64}:
  7.24179  0.999981
 19.4073   1.91074e-5
 17.0329   8.0099e-14
(name, nrm) = ("11/11", 0.24155359410041766)
10×2 Matrix{Float64}:
  6.54376  0.476759
  9.85656  0.185972
  9.7094   0.110973
  4.58756  0.0777231
 13.4801   0.0551918
  8.28951  0.0510164
  6.39636  0.025299
 10.3525   0.00921492
 16.8052   0.0031137
 11.2214   0.00224014
(name, nrm) = ("12/12", 0.24208495711188824)
10×2 Matrix{Float64}:
  6.48463  0.372514
  9.79372  0.201202
  6.514    0.188447
  4.56236  0.0907799
 13.3327   0.0635249
  8.27622  0.050742
 10.1341   0.0195405
  8.94586  0.00567686
 11.1403   0.00257532
 16.7081   0.0021825
(name, nrm) = ("13/13", 0.24269575036616722)
10×2 Matrix{Float64}:
  6.44894  0.591271
  9.81975  0.16879
  4.5423   0.0966197
 13.1832   0.0696385
  8.26058  0.046427
  8.94344  0.0145498
 10.3353   0.00614962
 11.1901   0.00241653
 16.7381   0.00137099
 15.9628   0.00119458
(name, nrm) = ("14/14", 0.2433708722551857)
10×2 Matrix{Float64}:
  6.39993  0.608349
  9.84298  0.145943
  4.52726  0.0973217
 13.0264   0.0741564
  8.24247  0.0403887
  8.94494  0.0238112
 10.7643   0.00379928
 16.0529   0.00150139
  6.70195  0.00132282
 11.4364   0.00124809
(name, nrm) = ("15/15", 0.24412309673092497)
10×2 Matrix{Float64}:
  6.34923  0.621678
  9.86403  0.129993
  4.51703  0.09411
 12.8647   0.0778044
  8.22184  0.0338555
  8.95115  0.0323091
 10.9695   0.00440375
  6.79777  0.00168497
 16.0551   0.00161262
 18.2254   0.00111993
(name, nrm) = ("16/16", 0.24497921191985825)
10×2 Matrix{Float64}:
  6.29826  0.634098
  9.88652  0.118848
  4.51135  0.0877514
 12.6881   0.0815607
  8.96426  0.0397353
  8.19887  0.0275254
 11.0224   0.0048283
 16.0946   0.00170768
  6.89026  0.00155983
 18.0787   0.000981926
(name, nrm) = ("17/17", 0.2459705804483535)
10×2 Matrix{Float64}:
  6.24831  0.646722
  9.91073  0.110484
 12.5173   0.0859126
  4.50984  0.0788287
  8.98302  0.0459162
  8.17361  0.0217357
 11.0346   0.00540015
 16.1155   0.00169473
  6.97882  0.00125855
 17.9976   0.000608895
(name, nrm) = ("18/18", 0.24712954930216172)
10×2 Matrix{Float64}:
  6.20071  0.659946
  9.93647  0.103694
 12.3415   0.09008
  4.51205  0.0678868
  9.00617  0.0507945
  8.146    0.0166265
 11.0368   0.0061837
 16.0688   0.00178742
  7.06297  0.000920836
 17.4339   0.000796767
(name, nrm) = ("19/19", 0.24848796727737288)
10×2 Matrix{Float64}:
  6.1568   0.673724
  9.96336  0.0977309
 12.1636   0.0944137
  4.51745  0.0555216
  9.03251  0.0543717
  8.11591  0.0122322
 11.0373   0.0072724
 16.0397   0.00185214
 13.5079   0.00100447
 17.2958   0.00084791
(name, nrm) = ("2/2", 0.23468641891644357)
10×2 Matrix{Float64}:
  9.72759  0.963117
 16.9238   0.0145661
  9.25686  0.0142097
  9.55699  0.00692087
 11.7342   0.000430057
 12.2803   0.000371095
  6.76052  0.000112817
  8.32456  9.86719e-5
  5.53703  8.48371e-5
 14.8018   2.49927e-5
(name, nrm) = ("20/20", 0.25007690393616216)
10×2 Matrix{Float64}:
  6.118    0.687691
 11.9854   0.0988408
  9.99104  0.0921063
  9.06095  0.0566747
  4.52541  0.0424366
 11.0404   0.00887705
  8.08316  0.00853948
 16.0408   0.00189129
 13.3603   0.00116346
 17.1534   0.000811695
(name, nrm) = ("21/21", 0.2519270996760407)
10×2 Matrix{Float64}:
  6.08568  0.701209
 11.8058   0.1033
 10.0186   0.0863912
  9.09038  0.0577196
  4.53525  0.0294823
 11.0283   0.011119
  8.04749  0.00552019
 15.9992   0.00168251
 13.7692   0.00135099
 12.9382   0.000998193
(name, nrm) = ("22/22", 0.25406941348761686)
10×2 Matrix{Float64}:
  6.0612   0.713411
 11.6345   0.106374
 10.047    0.0804424
  9.1201   0.0575757
  4.54625  0.0176598
 11.0454   0.0158649
  8.00897  0.00315459
 13.7415   0.00162284
 16.0175   0.00158784
 12.9871   0.00121707
(name, nrm) = ("23/23", 0.2565356590445514)
10×2 Matrix{Float64}:
  6.04583  0.723271
 11.4754   0.103528
 10.0753   0.0739321
  9.14891  0.0562323
 11.0672   0.0276268
  4.55766  0.00808029
 13.7174   0.00188985
 13.0255   0.00152079
  7.96745  0.00143243
 16.2946   0.00128453
(name, nrm) = ("24/24", 0.2593592104069023)
10×2 Matrix{Float64}:
  6.0407   0.729709
 11.3504   0.07785
 10.1033   0.0666314
 11.074    0.0635272
  9.17579  0.0536897
 13.7087   0.00207355
 13.0711   0.00196705
  4.56885  0.00187169
 16.0562   0.00136906
 16.3323   0.000848453
(name, nrm) = ("25/25", 0.262575766354775)
10×2 Matrix{Float64}:
  6.04671  0.731738
 11.014    0.122101
 10.1313   0.058427
  9.19962  0.04994
 11.2953   0.0308855
 13.0949   0.00246234
 13.6962   0.00226552
 16.052    0.00137321
 16.3758   0.000714796
 17.3229   4.8143e-5
(name, nrm) = ("26/26", 0.2662242038085922)
10×2 Matrix{Float64}:
  6.06451  0.728622
 10.9041   0.155032
 10.1628   0.0499805
  9.21926  0.0449913
 11.2896   0.0102681
  4.5886   0.00330875
 13.1193   0.00307376
 13.6945   0.00237113
 16.0207   0.00124319
 16.4719   0.000688699
(name, nrm) = ("27/27", 0.27034735641012025)
10×2 Matrix{Float64}:
  6.0944   0.719988
 10.7943   0.170924
 10.2096   0.0445746
  9.23339  0.0388763
  4.59672  0.0120228
 11.3027   0.00404843
 13.1386   0.00373214
 13.6956   0.00243516
  7.78189  0.00152798
 16.4789   0.000877454
(name, nrm) = ("28/28", 0.27499289755598055)
10×2 Matrix{Float64}:
  6.1364   0.70584
 10.7158   0.169828
 10.2823   0.0532831
  9.24036  0.0316911
  4.60379  0.0261043
 13.175    0.00461704
  7.7435   0.00305356
 13.7268   0.00222985
 11.5153   0.000990524
 16.5366   0.000889981
(name, nrm) = ("29/29", 0.28021404271097244)
10×2 Matrix{Float64}:
  6.19018  0.686479
 10.6644   0.155406
 10.2886   0.0728167
  4.61014  0.0451242
  9.23884  0.0237829
 13.2727   0.00617074
  7.72152  0.00398578
  7.52744  0.00323772
 13.927    0.00115202
 16.6906   0.000711063
(name, nrm) = ("3/3", 0.23512536031219636)
10×2 Matrix{Float64}:
  9.73894  0.926835
  9.57992  0.029464
  9.22305  0.0260616
 16.9159   0.0144695
 11.6234   0.00111356
 12.4383   0.000692585
  6.75215  0.000616487
  8.3244   0.000271928
  5.6096   0.00018737
 14.7959   0.00010065
(name, nrm) = ("30/30", 0.2860703943208054)
10×2 Matrix{Float64}:
  6.2552   0.662338
 10.6124   0.158094
 10.1818   0.0734471
  4.61631  0.0684278
  9.22912  0.0158754
  7.47628  0.00795447
 13.2456   0.00650078
  7.71463  0.00414147
 13.8708   0.00149504
 16.7774   0.000680688
(name, nrm) = ("31/31", 0.29262844058593623)
10×2 Matrix{Float64}:
  6.33068  0.633756
 10.5776   0.158639
  4.6229   0.0952721
 10.0555   0.074174
  7.40775  0.0148057
  9.21147  0.00877209
 13.2206   0.00650476
  7.71349  0.00413892
 13.8087   0.00199729
 11.6004   0.000875349
(name, nrm) = ("32/32", 0.29996195868804615)
10×2 Matrix{Float64}:
  6.41565  0.600662
 10.5624   0.153167
  4.63056  0.124933
  9.95102  0.0781464
  7.32817  0.0244491
 13.2188   0.00652576
  7.71246  0.00420305
  9.19734  0.00350513
 13.7997   0.00228446
 11.6081   0.00119063
(name, nrm) = ("33/33", 0.3081515474097678)
10×2 Matrix{Float64}:
  6.5089   0.561909
  4.63993  0.156766
 10.5581   0.145594
  9.86996  0.0801059
  7.24066  0.0387234
 13.2174   0.00626785
  7.70862  0.00435324
 13.7911   0.00267702
 11.6681   0.0015084
  9.3722   0.00127476
(name, nrm) = ("34/34", 0.3172824650237612)
10×2 Matrix{Float64}:
  6.60857  0.513145
  4.65158  0.190209
 10.5576   0.137934
  9.80104  0.0788894
  7.14754  0.0625962
 13.211    0.00569699
  7.70146  0.00457872
 13.7811   0.00322155
 11.7084   0.00194639
  9.30278  0.00105929
(name, nrm) = ("35/35", 0.3274431793208903)
10×2 Matrix{Float64}:
  6.71034  0.436246
  4.66601  0.22477
 10.5594   0.130033
  7.05304  0.114683
  9.74466  0.0749764
 13.2033   0.00493332
  7.69064  0.00488707
 13.7774   0.00380013
  9.02677  0.00258785
 11.7449   0.00244556
(name, nrm) = ("36/36", 0.33871837114654363)
10×2 Matrix{Float64}:
  6.97799  0.29301
  4.68365  0.259975
  6.79315  0.233573
 10.5632   0.121714
  9.7015   0.0689851
  8.93954  0.00552826
  7.67591  0.00531408
 13.2121   0.00422673
 13.7905   0.00416428
 11.7909   0.00294729
(name, nrm) = ("37/37", 0.3511815214979425)
10×2 Matrix{Float64}:
  7.0083   0.497679
  4.70484  0.295321
 10.5672   0.113084
  9.66636  0.0620535
  8.86533  0.00869049
  7.65758  0.00595739
  6.7709   0.00533323
 13.8065   0.00442897
 13.2225   0.0035232
 11.828    0.00342875
(name, nrm) = ("38/38", 0.364882405878022)
10×2 Matrix{Float64}:
  7.11542  0.470066
  4.72981  0.330233
 10.5712   0.104118
  9.63759  0.0548665
  8.7962   0.0115828
  6.6715   0.0103159
  7.6361   0.00707244
 13.8351   0.00441977
 11.8637   0.00384106
 13.2467   0.0030364
(name, nrm) = ("39/39", 0.3798325267955979)
10×2 Matrix{Float64}:
  7.23813  0.426228
  4.75872  0.364027
 10.5749   0.094865
  9.61394  0.0477799
  6.55595  0.0321292
  8.73131  0.0139855
  7.61198  0.00946767
 13.8574   0.0043844
 11.8952   0.00413472
 13.2418   0.00257883
(name, nrm) = ("4/4", 0.23574080023378707)
10×2 Matrix{Float64}:
  9.75583  0.863638
  9.60568  0.0774858
  9.18424  0.0374324
 16.905    0.0143159
 11.5082   0.00221613
  6.74021  0.00218448
 12.5896   0.00104675
  8.32398  0.000634973
  5.69406  0.000348793
  4.89823  0.000268348
(name, nrm) = ("40/40", 0.3959886869559408)
10×2 Matrix{Float64}:
  4.79166  0.395912
  7.36466  0.380424
 10.578    0.0854357
  6.43473  0.0530992
  9.5949   0.040949
  7.58628  0.0170879
  8.67092  0.0158672
 13.8563   0.00443071
 11.9212   0.00426614
 13.1538   0.00208716
(name, nrm) = ("41/41", 0.41323962807602743)
10×2 Matrix{Float64}:
  4.8286   0.425011
  7.48428  0.278773
  7.56699  0.0839313
 10.581    0.0759857
  6.31074  0.0736845
  9.58129  0.0344377
  8.61585  0.0173123
 11.9586   0.00427662
 13.8892   0.00401756
 13.1082   0.00213762
(name, nrm) = ("42/42", 0.43140252331250295)
10×2 Matrix{Float64}:
  4.86947  0.450427
  7.63671  0.317201
  6.18552  0.0946461
 10.5838   0.066713
  9.57362  0.0282334
  8.56599  0.0184353
  7.51252  0.01386
 12.0037   0.0041792
 13.9343   0.00346768
 13.0769   0.00242338
(name, nrm) = ("43/43", 0.45023480606133187)
10×2 Matrix{Float64}:
  4.91408  0.471337
  7.75693  0.301563
  6.06021  0.116442
 10.5862   0.0578184
  9.57273  0.0223292
  8.52108  0.0193927
 12.048    0.00395491
 13.9666   0.00293934
 13.0273   0.00281044
  7.48576  0.00098976
(name, nrm) = ("44/44", 0.46946436349724424)
10×2 Matrix{Float64}:
  4.96218  0.487102
  7.87443  0.277048
  5.93575  0.139312
 10.5886   0.0494766
  8.48132  0.0203895
  9.58076  0.0167834
 12.1018   0.00369077
 13.0028   0.00330735
 14.0062   0.00237171
 15.1859   0.000283246
(name, nrm) = ("45/45", 0.4888344776660909)
10×2 Matrix{Float64}:
  5.01341  0.497393
  7.98324  0.254468
  5.81296  0.163305
 10.5992   0.0411038
  8.44454  0.0217298
  9.5808   0.0110602
 12.2525   0.00395689
 13.1156   0.00347965
 14.1464   0.00159517
 10.079    0.00151706
(name, nrm) = ("46/46", 0.5081503815417333)
10×2 Matrix{Float64}:
  5.0673   0.502366
  8.07986  0.234129
  5.69255  0.188179
 10.5936   0.0349271
  8.41581  0.0237625
  9.63052  0.00734646
 12.9349   0.00446125
 12.1972   0.00287959
 14.0135   0.00142226
 15.1364   0.000297415
(name, nrm) = ("47/47", 0.5273139169692558)
10×2 Matrix{Float64}:
  5.12329  0.503091
  8.16119  0.214911
  5.5752   0.212974
 10.5975   0.0288024
  8.39008  0.0272313
 12.9286   0.00498574
  9.67745  0.0039203
 12.2615   0.00254408
 14.0476   0.00101457
 15.2096   0.000239008
(name, nrm) = ("48/48", 0.5463354880872037)
10×2 Matrix{Float64}:
  5.18062  0.503482
  5.46152  0.234044
  8.22524  0.195179
  8.36847  0.0334347
 10.6029   0.0234135
 12.9142   0.0054814
 12.3214   0.00214738
  9.74045  0.00159393
 14.0572   0.000695082
 15.6442   0.000311106
(name, nrm) = ("49/49", 0.5653223309989175)
10×2 Matrix{Float64}:
  5.23812  0.528337
  5.35238  0.226964
  8.27153  0.171776
  8.35044  0.0452557
 10.6109   0.0186912
 12.8908   0.00599293
 12.3684   0.00162902
 13.9779   0.00043581
 15.6804   0.000388743
  9.81866  0.000351997
(name, nrm) = ("5/5", 0.2365315012264098)
10×2 Matrix{Float64}:
  9.78113  0.746302
  9.64298  0.177363
  9.14435  0.0473191
 16.8918   0.0140391
  6.72451  0.00626462
 11.3993   0.00374767
  8.32322  0.00139031
 12.6958   0.00127156
  4.84244  0.000699723
  5.78596  0.000615302
(name, nrm) = ("50/50", 0.5844468460881385)
10×2 Matrix{Float64}:
  5.24397  0.484168
  5.29908  0.285634
  8.30143  0.135689
  8.33522  0.071582
 10.6229   0.0145496
 12.8701   0.00645758
 12.4086   0.00108362
 15.7547   0.000404596
 13.8646   0.000267872
 14.5379   9.29738e-5
(name, nrm) = ("51/51", 0.6039021976416967)
10×2 Matrix{Float64}:
  5.14533  0.409232
  5.35376  0.37221
  8.32176  0.102071
  8.32511  0.097224
 10.6412   0.0109045
 12.8609   0.00672502
 12.4692   0.000689749
 15.8347   0.000403424
 10.0114   0.00025663
 13.8781   0.000181221
(name, nrm) = ("52/52", 0.6238573341352601)
10×2 Matrix{Float64}:
  5.05057  0.431528
  5.40714  0.359074
  8.33035  0.126839
  8.30434  0.0662114
 10.6703   0.00768376
 12.8026   0.00596867
 13.0457   0.00130472
 10.118    0.000867326
 15.8986   0.000399155
 14.2916   6.05748e-5
(name, nrm) = ("53/53", 0.6444070989530912)
10×2 Matrix{Float64}:
  4.96127  0.46405
  5.45664  0.333576
  8.33638  0.0963124
  8.28236  0.0921093
 12.8423   0.00680663
 10.7139   0.00492994
 10.2115   0.00155626
 15.9729   0.000378287
 13.3143   0.000200755
 18.115    5.03844e-5
(name, nrm) = ("54/54", 0.6655363920539804)
10×2 Matrix{Float64}:
  4.87779  0.498983
  5.50077  0.303828
  8.25607  0.110358
  8.34426  0.0748739
 12.8393   0.00609085
 10.7814   0.0027573
 10.292    0.00208364
 13.0633   0.000594893
 16.1151   0.000291481
 15.6338   9.09768e-5
(name, nrm) = ("55/55", 0.6871007850254708)
10×2 Matrix{Float64}:
  4.80039  0.533628
  5.53819  0.272786
  8.22467  0.120766
  8.35487  0.0624971
 12.9018   0.00496725
 10.3406   0.0021448
 10.8647   0.00140052
 12.7105   0.00139085
 16.1779   0.000278391
 15.5711   8.89585e-5
(name, nrm) = ("56/56", 0.7088304065963636)
10×2 Matrix{Float64}:
  4.72928  0.566446
  5.56771  0.242212
  8.18958  0.126916
  8.3691   0.0553673
 12.9396   0.0038877
 12.7077   0.00215928
 10.3418   0.00175259
 10.9023   0.000806848
 16.196    0.000280944
 15.3512   7.25607e-5
(name, nrm) = ("57/57", 0.7303642446428875)
10×2 Matrix{Float64}:
  4.66465  0.596444
  5.58845  0.213285
  8.15225  0.130639
  8.38692  0.05142
 12.9896   0.00302358
 12.6895   0.00274538
 10.244    0.00107331
 10.7724   0.000779939
 16.1913   0.000271556
  7.26358  0.000200144
(name, nrm) = ("58/58", 0.7513059103099174)
10×2 Matrix{Float64}:
  4.60664  0.623062
  5.59987  0.186723
  8.11418  0.133025
  8.40803  0.0493272
 12.7073   0.00378617
 13.1099   0.00173066
 10.6527   0.000812009
 10.0207   0.000613699
  7.29394  0.000539428
 16.1932   0.00024928
(name, nrm) = ("59/59", 0.7712838811999692)
10×2 Matrix{Float64}:
  4.55539  0.646105
  5.60186  0.162856
  8.07689  0.134685
  8.43234  0.0482236
 12.6971   0.00418371
  7.33212  0.00120675
 13.2627   0.00112459
 10.6388   0.000635167
  9.82346  0.000615057
 16.2074   0.000222398
(name, nrm) = ("6/6", 0.23748949310496395)
10×2 Matrix{Float64}:
  9.81282  0.616769
  9.66716  0.284836
  9.10371  0.0536396
  6.70484  0.0161818
 16.8684   0.0130457
 11.3154   0.0055969
  8.32156  0.00297999
  4.7891   0.00174992
 12.8558   0.00147216
  5.8828   0.00109013
(name, nrm) = ("60/60", 0.7900002813012384)
10×2 Matrix{Float64}:
  4.51099  0.665676
  5.5947   0.141705
  8.04178  0.135845
  8.45972  0.0475877
 12.6587   0.00417208
  7.377    0.00238652
 13.3768   0.000975337
  9.68725  0.000839277
 10.6812   0.000468742
 16.2315   0.000195096
(name, nrm) = ("61/61", 0.8072567576619305)
10×2 Matrix{Float64}:
  4.47352  0.682068
  8.01011  0.136442
  5.57895  0.123093
  8.48973  0.047109
  7.42713  0.00432893
 12.6063   0.00407261
  9.58098  0.00125123
 13.4552   0.000952388
 10.7562   0.000361603
 16.2743   0.0001693
(name, nrm) = ("62/62", 0.8229566635811106)
10×2 Matrix{Float64}:
  4.44303  0.695679
  7.98301  0.136195
  5.55544  0.106739
  8.5216   0.0465531
  7.48086  0.00738297
 12.548    0.00397283
  9.48924  0.00192062
 13.5159   0.00095754
 10.8445   0.000302416
 16.3506   0.000147439
(name, nrm) = ("63/63", 0.8370907644388975)
10×2 Matrix{Float64}:
  4.41957  0.706933
  7.96155  0.134599
  5.52508  0.0923367
  8.55415  0.0456883
  7.53644  0.0120513
 12.4877   0.00388272
  9.40663  0.00299318
 13.5629   0.00096816
 10.9267   0.000271338
 16.4469   0.000132541
(name, nrm) = ("64/64", 0.8497146177542404)
10×2 Matrix{Float64}:
  4.40313  0.716235
  7.94668  0.130886
  5.48887  0.0795973
  8.58568  0.0442213
  7.59213  0.0190626
  9.3322   0.00471327
 12.4281   0.00380035
 13.6007   0.000976584
 10.9952   0.000251787
 16.5399   0.000123311
(name, nrm) = ("65/65", 0.8609258639380267)
10×2 Matrix{Float64}:
  4.39371  0.723942
  7.93925  0.124006
  5.44782  0.0682659
  8.61341  0.0417459
  7.64624  0.029389
  9.26566  0.00747763
 12.369    0.00371436
 13.6203   0.000982157
 11.0359   0.000230624
 16.584    0.000114834
(name, nrm) = ("66/66", 0.8708446342025816)
10×2 Matrix{Float64}:
  4.39128  0.730361
  7.94008  0.112833
  5.40291  0.0581269
  7.69735  0.0440979
  8.63417  0.0377646
  9.21078  0.0117637
 12.3151   0.00362657
 13.6429   0.000985553
 11.0743   0.000207091
 16.6314   0.000105708
(name, nrm) = ("67/67", 0.8795992328226132)
10×2 Matrix{Float64}:
  4.39578  0.735748
  7.94945  0.0969424
  7.74433  0.0635152
  5.35509  0.0489974
  8.64316  0.0319186
  9.16947  0.0179608
 12.2637   0.00352368
 13.6516   0.000986144
 11.0879   0.000177725
 14.7244   9.99094e-5
(name, nrm) = ("68/68", 0.8873163968446697)
10×2 Matrix{Float64}:
  4.40712  0.74031
  7.78702  0.0861803
  7.96706  0.0777333
  5.30529  0.0407192
  9.14506  0.0257011
  8.63719  0.0245854
 12.217    0.00340099
 13.6544   0.000983206
 11.0864   0.000152634
 14.7149   0.000115058
(name, nrm) = ("69/69", 0.8941156839114816)
10×2 Matrix{Float64}:
  4.4252   0.744221
  7.82639  0.108805
  7.99175  0.0584363
  9.13739  0.0337587
  5.25437  0.0331518
  8.6167   0.0170088
 12.1757   0.00325162
 13.6534   0.000974267
 11.067    0.000147289
 14.6984   0.000139224
(name, nrm) = ("7/7", 0.23858350398750508)
10×2 Matrix{Float64}:
  9.8517   0.481266
  9.68988  0.385058
  9.06499  0.0542994
  6.68102  0.0401059
 16.8561   0.0129781
 11.2418   0.00742846
  8.3188   0.00641688
  4.73941  0.00444732
 13.9248   0.0037643
  5.98301  0.00201609
(name, nrm) = ("70/70", 0.9001064336477114)
10×2 Matrix{Float64}:
  4.44987  0.747623
  7.86411  0.128192
  8.0214   0.0421598
  9.14239  0.041023
  5.20316  0.0261666
  8.58638  0.0103594
 12.139    0.00307178
 13.6446   0.000952606
 11.012    0.000179918
 14.6312   0.000179263
(name, nrm) = ("71/71", 0.9053865215431407)
10×2 Matrix{Float64}:
  4.48095  0.750626
  7.90187  0.143335
  9.1547   0.0471789
  8.0547   0.0297902
  5.15244  0.0196482
  8.56226  0.00505157
 12.1085   0.00285907
 13.6366   0.000917006
 10.9576   0.000280633
 14.5415   0.000231617
(name, nrm) = ("72/72", 0.9100424122063202)
10×2 Matrix{Float64}:
  4.5182   0.753302
  7.94029  0.154334
  9.16923  0.0525275
  8.0877   0.0206954
  5.10296  0.0135093
 12.0843   0.00261582
  8.62537  0.00130208
 13.6322   0.000862322
 10.9133   0.000480098
 14.4348   0.000299102
(name, nrm) = ("73/73", 0.9141498295554967)
10×2 Matrix{Float64}:
  4.56129  0.755619
  7.97766  0.158191
  9.18091  0.0578021
  8.08793  0.0162352
  5.0555   0.00775205
 12.0546   0.00235194
 10.8513   0.000796454
 13.5518   0.000686462
 14.2372   0.00049955
 17.3425   4.81899e-5
(name, nrm) = ("74/74", 0.917774755138011)
10×2 Matrix{Float64}:
  4.60976  0.757214
  8.01388  0.166497
  9.18993  0.0629691
  8.20484  0.00514234
  5.01088  0.00270104
 12.0531   0.00206855
 10.8385   0.00130106
  8.54488  0.000877153
 13.6381   0.000664507
 14.207    0.000506861
(name, nrm) = ("75/75", 0.920974557010008)
10×2 Matrix{Float64}:
  4.66276  0.756397
  8.03631  0.156555
  9.19264  0.0688862
  8.35394  0.0131829
 10.8098   0.00197867
 12.0484   0.00178605
 13.7172   0.000635588
 14.1532   0.000526683
 17.3951   3.94542e-5
 18.8389   1.21868e-5
(name, nrm) = ("76/76", 0.9237991337076344)
10×2 Matrix{Float64}:
  4.71838  0.744951
  8.0337   0.125574
  9.19019  0.0757726
  8.35956  0.0317661
  8.16612  0.00857626
  4.93552  0.00780768
 10.7867   0.00284358
 12.0436   0.00150671
 14.0676   0.000672795
 13.7521   0.000481178
(name, nrm) = ("77/77", 0.9262920076615188)
10×2 Matrix{Float64}:
  4.77061  0.676451
  8.00146  0.0871577
  9.18315  0.0842448
  4.91296  0.072485
  8.38251  0.054023
  8.12688  0.0193104
 10.7658   0.00387972
 13.958    0.00112233
 11.963    0.000896067
 12.212    0.000380355
(name, nrm) = ("78/78", 0.9284913362227626)
10×2 Matrix{Float64}:
  4.80029  0.417818
  4.92168  0.32703
  9.17378  0.0948979
  8.42673  0.0677435
  7.95503  0.0672576
  8.11645  0.0179498
 10.7264   0.00445291
 13.9698   0.00109644
 12.0592   0.000989863
 10.9737   0.000711616
(name, nrm) = ("79/79", 0.9304308258269924)
10×2 Matrix{Float64}:
  4.97231  0.552472
  4.79665  0.187928
  9.16545  0.108379
  8.48335  0.0711144
  7.90276  0.0575963
  8.10139  0.0140633
 10.707    0.0054701
 11.001    0.00109242
 14.0353   0.000915668
 12.0782   0.000776377
(name, nrm) = ("8/8", 0.2397076645268533)
10×2 Matrix{Float64}:
  9.70995  0.441833
  9.89543  0.353996
  6.65291  0.0976796
  9.02937  0.0451488
  8.31453  0.0138757
  4.69407  0.0116621
 16.8382   0.0114838
 13.8506   0.0096355
 11.1768   0.00841785
  6.08542  0.00395773
(name, nrm) = ("80/80", 0.9321405739573376)
10×2 Matrix{Float64}:
  5.04288  0.632507
  9.16217  0.125239
  4.78147  0.102963
  8.54527  0.0658367
  7.84815  0.0529669
  8.07379  0.010752
 10.6905   0.00646284
 11.0195   0.00161311
 14.0724   0.000895939
 12.102    0.000603325
(name, nrm) = ("81/81", 0.933647832598754)
10×2 Matrix{Float64}:
  5.12159  0.662316
  9.16859  0.145378
  4.76624  0.0675838
  8.60757  0.053803
  7.79321  0.0515296
  8.03351  0.00824628
 10.676    0.00738905
 11.0342   0.00228733
 14.1218   0.000812301
 12.1237   0.00047357
(name, nrm) = ("82/82", 0.9349776699549116)
10×2 Matrix{Float64}:
  5.2049   0.67441
  9.18958  0.167133
  7.73908  0.0525885
  4.7541   0.049058
  8.66673  0.0377666
 10.687    0.00924225
  7.98212  0.00641344
 11.168    0.00218989
 14.0222   0.000637547
 12.3829   0.000339083
(name, nrm) = ("83/83", 0.9361535588566986)
10×2 Matrix{Float64}:
  5.29123  0.678184
  9.22803  0.187259
  7.68631  0.0559607
  4.74612  0.0376642
  8.71716  0.0215096
 10.6418   0.00852252
  7.91629  0.00519446
 11.032    0.00449166
 14.2006   0.000621706
 11.9713   0.000339803
(name, nrm) = ("84/84", 0.937197733178578)
10×2 Matrix{Float64}:
  5.37949  0.676679
  9.28569  0.201713
  7.63538  0.0620725
  4.74272  0.0298436
  8.76039  0.0092388
 10.6253   0.00892037
 11.0381   0.00580778
  7.84144  0.00459106
 14.2426   0.000509947
 11.83     0.000338107
(name, nrm) = ("85/85", 0.9381313546518427)
10×2 Matrix{Float64}:
  5.46877  0.670574
  9.36059  0.208845
  7.58638  0.0717127
  4.74408  0.0240354
 10.6096   0.00925486
 11.0515   0.0072382
  7.75791  0.00487993
  8.79792  0.00244435
 14.2898   0.000400836
 11.7581   0.000324939
(name, nrm) = ("86/86", 0.938973937548992)
10×2 Matrix{Float64}:
  5.55816  0.659021
  9.44927  0.209067
  7.539    0.0859135
  4.75023  0.0194513
 11.0253   0.00905731
 10.5771   0.00871283
  7.66791  0.00732588
 11.469    0.000737829
 14.3324   0.000298704
 15.2662   0.000155541
(name, nrm) = ("87/87", 0.9397413899855037)
10×2 Matrix{Float64}:
  5.64674  0.639173
  9.54811  0.202934
  7.49135  0.101967
  7.5755   0.0194433
  4.7611   0.0156374
 11.0482   0.0109402
 10.5568   0.00867345
  8.86296  0.000386765
 11.5499   0.000367277
 14.3926   0.000209357
(name, nrm) = ("88/88", 0.9404411112600665)
10×2 Matrix{Float64}:
  5.73354  0.604144
  9.65391  0.18926
  7.4928   0.0892271
  7.43327  0.0823275
 11.0644   0.0123463
  4.7765   0.0122846
 10.5432   0.00839763
  8.89335  0.00161524
 15.3809   0.000146183
 14.6526   0.000100433
(name, nrm) = ("89/89", 0.9410630087726073)
10×2 Matrix{Float64}:
  5.8176   0.538293
  7.43861  0.233143
  9.76363  0.16341
  7.34771  0.0331269
 11.0431   0.0132832
  4.79616  0.00912376
 10.4985   0.0067958
  8.92759  0.00254461
 15.4953   9.17285e-5
 15.1329   6.4565e-5
(name, nrm) = ("9/9", 0.2406054986275233)
10×2 Matrix{Float64}:
  9.73242  0.438471
  6.62048  0.217938
  9.94866  0.213655
  4.6535   0.0289273
  8.30847  0.0278293
  9.00031  0.0244448
 13.7954   0.0143546
 16.8035   0.00914928
 13.6239   0.00914406
  6.18908  0.00779894
(name, nrm) = ("90/90", 0.9415854257711994)
10×2 Matrix{Float64}:
  7.4003   0.422713
  5.89794  0.415677
  9.8748   0.11855
  7.24917  0.0183084
 11.0204   0.0116088
  4.81967  0.00594203
 10.4616   0.00472237
  8.96718  0.00230514
 15.4864   9.44671e-5
 12.2657   3.3543e-5
(name, nrm) = ("91/91", 0.9420727155763142)
10×2 Matrix{Float64}:
  7.36828  0.666195
  5.97358  0.245221
  9.9848   0.0624745
  7.14897  0.012273
 10.9957   0.00702797
  4.84653  0.00305311
 10.478    0.00256947
  9.01204  0.00108636
 15.6428   3.71118e-5
 12.2114   2.36999e-5
(name, nrm) = ("92/92", 0.9426691359152936)
10×2 Matrix{Float64}:
  7.34054  0.84836
  6.04361  0.113563
 10.0902   0.0244817
  7.05078  0.00770528
 10.9884   0.0025931
 10.6322   0.00168903
  4.87604  0.00128855
  9.06262  0.00025049
 12.3984   2.29799e-5
 15.6914   1.63861e-5
(name, nrm) = ("93/93", 0.9433274053494906)
10×2 Matrix{Float64}:
  7.31657  0.93539
  6.10716  0.0489777
 10.1842   0.0084158
  6.95683  0.00456076
 10.7017   0.00159913
  4.90734  0.000524665
 11.0502   0.000445323
 12.4411   2.722e-5
  9.11896  2.35061e-5
 19.5765   9.6141e-6
(name, nrm) = ("94/94", 0.9439431250177657)
10×2 Matrix{Float64}:
  7.29615  0.972288
  6.1635   0.020975
  6.86909  0.00266365
 10.2583   0.00258396
 10.6537   0.00113941
  4.93935  0.000216858
 11.1012   7.1324e-5
 12.3558   2.93311e-5
 19.1627   1.12913e-5
 19.6097   8.16286e-6
(name, nrm) = ("95/95", 0.9444734408773828)
10×2 Matrix{Float64}:
  7.27916  0.9883
  6.21201  0.00865394
  6.78954  0.0015373
 10.6258   0.000720344
 10.31     0.000632075
  4.97075  8.76321e-5
 12.2664   2.75087e-5
 19.2429   1.37577e-5
  9.24871  7.74895e-6
 19.6751   5.83892e-6
(name, nrm) = ("96/96", 0.9449072326891402)
10×2 Matrix{Float64}:
  7.26549  0.99539
  6.2522   0.00320994
  6.72024  0.00085482
 10.6419   0.000309174
 10.3776   0.000143717
  5.00002  3.21765e-5
 19.3008   1.54295e-5
 12.235    1.49929e-5
 11.9703   1.03578e-5
  9.3174   9.74001e-6
(name, nrm) = ("97/97", 0.9452429573497261)
10×2 Matrix{Float64}:
  7.25501  0.998421
  6.28373  0.000956725
  6.66329  0.000434939
 10.6318   0.000112382
 12.0528   1.77563e-5
 19.3416   1.64238e-5
 10.2797   1.37436e-5
  5.02543  9.56438e-6
  9.38871  6.27904e-6
 11.2142   4.88934e-6
(name, nrm) = ("98/98", 0.9454815239384587)
10×2 Matrix{Float64}:
  7.24763  0.999573
  6.30637  0.000182762
  6.62074  0.000181122
 10.6284   2.11288e-5
 19.3785   1.78804e-5
 11.9584   1.03462e-5
 10.0322   4.32587e-6
 11.1298   2.60729e-6
  9.45583  2.14795e-6
  5.04524  1.82924e-6
(name, nrm) = ("99/99", 0.9456240677862079)
10×2 Matrix{Float64}:
  7.24325  0.999919
  6.59439  4.37021e-5
 19.4      1.87694e-5
  6.32001  1.12375e-5
 11.9005   3.12204e-6
  9.96163  1.74911e-6
 10.6257   1.32863e-6
 19.7135   3.66624e-7
 11.1871   2.34274e-7
  9.5094   2.04251e-7
"sum rule: 44.122190394154984"
"(101, 2000), 2000, 101"
